<?xml version="1.0" encoding="UTF-8"?>
<!-- Generated by org.testng.reporters.JUnitReportReporter -->
<testsuite hostname="bitsNbytes" failures="0" tests="1" name="TestClass.MyInfoTestCases" time="52.575" errors="0" timestamp="2023-09-21T12:01:05 IST" skipped="0">
  <testcase classname="TestClass.MyInfoTestCases" name="fillPersonalDetails" time="52.575"/>
  <system-out/>
</testsuite> <!-- TestClass.MyInfoTestCases -->
